2025-04-01 19:12:37 [info]: Loading system feedback routes... {"service":"attendance-system"}
2025-04-01 19:12:37 [info]: Loading main routes... {"service":"attendance-system"}
2025-04-01 19:12:37 [debug]: Loading attendance routes {"service":"attendance-system"}
2025-04-01 19:12:37 [info]: Uploads folder created successfully! {"service":"attendance-system"}
2025-04-01 19:12:37 [debug]: Public assets folder already exists. {"service":"attendance-system"}
2025-04-01 19:12:38 [info]: Server running on port 5000 {"service":"attendance-system"}
2025-04-01 19:12:41 [info]: MongoDB Connected {"service":"attendance-system"}
2025-04-01 21:38:04 [info]: ::1 - latifa@gmail.com [01/Apr/2025:18:38:04 +0000] "POST /api/create HTTP/1.1" 401 61 "-" "PostmanRuntime/7.43.3" {"service":"attendance-system"}
2025-04-01 21:44:18 [info]: ::1 - latifa@gmail.com [01/Apr/2025:18:44:18 +0000] "POST /api/auth/login HTTP/1.1" 200 284 "-" "PostmanRuntime/7.43.3" {"service":"attendance-system"}
2025-04-01 21:46:01 [info]: ::1 - - [01/Apr/2025:18:46:01 +0000] "POST /api/department/create HTTP/1.1" 201 45 "-" "PostmanRuntime/7.43.3" {"service":"attendance-system"}
2025-04-01 21:47:10 [info]: ::1 - - [01/Apr/2025:18:47:10 +0000] "POST /api/department/create HTTP/1.1" 201 45 "-" "PostmanRuntime/7.43.3" {"service":"attendance-system"}
2025-04-01 21:47:23 [info]: ::1 - - [01/Apr/2025:18:47:23 +0000] "POST /api/department/create HTTP/1.1" 201 45 "-" "PostmanRuntime/7.43.3" {"service":"attendance-system"}
2025-04-01 22:28:26 [info]: ::1 - - [01/Apr/2025:19:28:26 +0000] "POST /api/department/create HTTP/1.1" 201 45 "-" "PostmanRuntime/7.43.3" {"service":"attendance-system"}
2025-04-01 22:39:13 [warn]: MongoDB disconnected {"service":"attendance-system"}
2025-04-01 22:39:29 [warn]: MongoDB disconnected {"service":"attendance-system"}
2025-04-02 01:16:53 [info]: Loading system feedback routes... {"service":"attendance-system"}
2025-04-02 01:16:53 [info]: Loading main routes... {"service":"attendance-system"}
2025-04-02 01:16:53 [debug]: Loading attendance routes {"service":"attendance-system"}
2025-04-02 01:16:53 [debug]: Uploads folder already exists. {"service":"attendance-system"}
2025-04-02 01:16:53 [debug]: Public assets folder already exists. {"service":"attendance-system"}
2025-04-02 01:16:53 [info]: Server running on port 5000 {"service":"attendance-system"}
2025-04-02 01:16:53 [error]: MongoDB Connection Error: The `uri` parameter to `openUri()` must be a string, got "undefined". Make sure the first parameter to `mongoose.connect()` or `mongoose.createConnection()` is a string. {"service":"attendance-system"}
2025-04-02 01:16:53 [warn]: Retrying MongoDB connection in 5 seconds... (5 retries left) {"service":"attendance-system"}
2025-04-02 01:16:53 [error]: MongoDB connection error: The `uri` parameter to `openUri()` must be a string, got "undefined". Make sure the first parameter to `mongoose.connect()` or `mongoose.createConnection()` is a string. {"service":"attendance-system","stack":"MongooseError: The `uri` parameter to `openUri()` must be a string, got \"undefined\". Make sure the first parameter to `mongoose.connect()` or `mongoose.createConnection()` is a string.\n    at NativeConnection.createClient (C:\\Users\\Admin\\attendance-system\\backend\\node_modules\\mongoose\\lib\\drivers\\node-mongodb-native\\connection.js:225:11)\n    at NativeConnection.openUri (C:\\Users\\Admin\\attendance-system\\backend\\node_modules\\mongoose\\lib\\connection.js:1016:34)\n    at Mongoose.connect (C:\\Users\\Admin\\attendance-system\\backend\\node_modules\\mongoose\\lib\\mongoose.js:446:15)\n    at connectDB (C:\\Users\\Admin\\attendance-system\\backend\\server.js:71:20)\n    at Object.<anonymous> (C:\\Users\\Admin\\attendance-system\\backend\\server.js:83:1)\n    at Module._compile (node:internal/modules/cjs/loader:1469:14)\n    at Module._extensions..js (node:internal/modules/cjs/loader:1548:10)\n    at Module.load (node:internal/modules/cjs/loader:1288:32)\n    at Module._load (node:internal/modules/cjs/loader:1104:12)\n    at Function.executeUserEntryPoint [as runMain] (node:internal/modules/run_main:173:12)\n    at node:internal/main/run_main_module:28:49"}
2025-04-02 01:16:58 [error]: MongoDB Connection Error: The `uri` parameter to `openUri()` must be a string, got "undefined". Make sure the first parameter to `mongoose.connect()` or `mongoose.createConnection()` is a string. {"service":"attendance-system"}
2025-04-02 01:16:58 [warn]: Retrying MongoDB connection in 5 seconds... (4 retries left) {"service":"attendance-system"}
2025-04-02 01:16:58 [error]: MongoDB connection error: The `uri` parameter to `openUri()` must be a string, got "undefined". Make sure the first parameter to `mongoose.connect()` or `mongoose.createConnection()` is a string. {"service":"attendance-system","stack":"MongooseError: The `uri` parameter to `openUri()` must be a string, got \"undefined\". Make sure the first parameter to `mongoose.connect()` or `mongoose.createConnection()` is a string.\n    at NativeConnection.createClient (C:\\Users\\Admin\\attendance-system\\backend\\node_modules\\mongoose\\lib\\drivers\\node-mongodb-native\\connection.js:225:11)\n    at NativeConnection.openUri (C:\\Users\\Admin\\attendance-system\\backend\\node_modules\\mongoose\\lib\\connection.js:1016:34)\n    at Mongoose.connect (C:\\Users\\Admin\\attendance-system\\backend\\node_modules\\mongoose\\lib\\mongoose.js:446:15)\n    at connectDB (C:\\Users\\Admin\\attendance-system\\backend\\server.js:71:20)\n    at connectDB (C:\\Users\\Admin\\attendance-system\\backend\\server.js:78:14)"}
2025-04-02 01:17:03 [error]: MongoDB Connection Error: The `uri` parameter to `openUri()` must be a string, got "undefined". Make sure the first parameter to `mongoose.connect()` or `mongoose.createConnection()` is a string. {"service":"attendance-system"}
2025-04-02 01:17:03 [warn]: Retrying MongoDB connection in 5 seconds... (3 retries left) {"service":"attendance-system"}
2025-04-02 01:17:03 [error]: MongoDB connection error: The `uri` parameter to `openUri()` must be a string, got "undefined". Make sure the first parameter to `mongoose.connect()` or `mongoose.createConnection()` is a string. {"service":"attendance-system","stack":"MongooseError: The `uri` parameter to `openUri()` must be a string, got \"undefined\". Make sure the first parameter to `mongoose.connect()` or `mongoose.createConnection()` is a string.\n    at NativeConnection.createClient (C:\\Users\\Admin\\attendance-system\\backend\\node_modules\\mongoose\\lib\\drivers\\node-mongodb-native\\connection.js:225:11)\n    at NativeConnection.openUri (C:\\Users\\Admin\\attendance-system\\backend\\node_modules\\mongoose\\lib\\connection.js:1016:34)\n    at Mongoose.connect (C:\\Users\\Admin\\attendance-system\\backend\\node_modules\\mongoose\\lib\\mongoose.js:446:15)\n    at connectDB (C:\\Users\\Admin\\attendance-system\\backend\\server.js:71:20)\n    at connectDB (C:\\Users\\Admin\\attendance-system\\backend\\server.js:78:14)"}
2025-04-02 01:17:08 [error]: MongoDB Connection Error: The `uri` parameter to `openUri()` must be a string, got "undefined". Make sure the first parameter to `mongoose.connect()` or `mongoose.createConnection()` is a string. {"service":"attendance-system"}
2025-04-02 01:17:08 [warn]: Retrying MongoDB connection in 5 seconds... (2 retries left) {"service":"attendance-system"}
2025-04-02 01:17:08 [error]: MongoDB connection error: The `uri` parameter to `openUri()` must be a string, got "undefined". Make sure the first parameter to `mongoose.connect()` or `mongoose.createConnection()` is a string. {"service":"attendance-system","stack":"MongooseError: The `uri` parameter to `openUri()` must be a string, got \"undefined\". Make sure the first parameter to `mongoose.connect()` or `mongoose.createConnection()` is a string.\n    at NativeConnection.createClient (C:\\Users\\Admin\\attendance-system\\backend\\node_modules\\mongoose\\lib\\drivers\\node-mongodb-native\\connection.js:225:11)\n    at NativeConnection.openUri (C:\\Users\\Admin\\attendance-system\\backend\\node_modules\\mongoose\\lib\\connection.js:1016:34)\n    at Mongoose.connect (C:\\Users\\Admin\\attendance-system\\backend\\node_modules\\mongoose\\lib\\mongoose.js:446:15)\n    at connectDB (C:\\Users\\Admin\\attendance-system\\backend\\server.js:71:20)\n    at connectDB (C:\\Users\\Admin\\attendance-system\\backend\\server.js:78:14)"}
2025-04-02 01:17:13 [error]: MongoDB Connection Error: The `uri` parameter to `openUri()` must be a string, got "undefined". Make sure the first parameter to `mongoose.connect()` or `mongoose.createConnection()` is a string. {"service":"attendance-system"}
2025-04-02 01:17:13 [warn]: Retrying MongoDB connection in 5 seconds... (1 retries left) {"service":"attendance-system"}
2025-04-02 01:17:13 [error]: MongoDB connection error: The `uri` parameter to `openUri()` must be a string, got "undefined". Make sure the first parameter to `mongoose.connect()` or `mongoose.createConnection()` is a string. {"service":"attendance-system","stack":"MongooseError: The `uri` parameter to `openUri()` must be a string, got \"undefined\". Make sure the first parameter to `mongoose.connect()` or `mongoose.createConnection()` is a string.\n    at NativeConnection.createClient (C:\\Users\\Admin\\attendance-system\\backend\\node_modules\\mongoose\\lib\\drivers\\node-mongodb-native\\connection.js:225:11)\n    at NativeConnection.openUri (C:\\Users\\Admin\\attendance-system\\backend\\node_modules\\mongoose\\lib\\connection.js:1016:34)\n    at Mongoose.connect (C:\\Users\\Admin\\attendance-system\\backend\\node_modules\\mongoose\\lib\\mongoose.js:446:15)\n    at connectDB (C:\\Users\\Admin\\attendance-system\\backend\\server.js:71:20)\n    at connectDB (C:\\Users\\Admin\\attendance-system\\backend\\server.js:78:14)"}
2025-04-02 01:17:18 [error]: MongoDB Connection Error: The `uri` parameter to `openUri()` must be a string, got "undefined". Make sure the first parameter to `mongoose.connect()` or `mongoose.createConnection()` is a string. {"service":"attendance-system"}
2025-04-02 01:29:43 [info]: Loading system feedback routes... {"service":"attendance-system"}
2025-04-02 01:29:43 [info]: Loading main routes... {"service":"attendance-system"}
2025-04-02 01:29:43 [debug]: Loading attendance routes {"service":"attendance-system"}
2025-04-02 01:29:43 [debug]: Uploads folder already exists. {"service":"attendance-system"}
2025-04-02 01:29:43 [debug]: Public assets folder already exists. {"service":"attendance-system"}
2025-04-02 01:29:43 [info]: Server running on port 5000 {"service":"attendance-system"}
2025-04-02 01:29:43 [error]: MongoDB Connection Error: The `uri` parameter to `openUri()` must be a string, got "undefined". Make sure the first parameter to `mongoose.connect()` or `mongoose.createConnection()` is a string. {"service":"attendance-system"}
2025-04-02 01:29:43 [warn]: Retrying MongoDB connection in 5 seconds... (5 retries left) {"service":"attendance-system"}
2025-04-02 01:29:43 [error]: MongoDB connection error: The `uri` parameter to `openUri()` must be a string, got "undefined". Make sure the first parameter to `mongoose.connect()` or `mongoose.createConnection()` is a string. {"service":"attendance-system","stack":"MongooseError: The `uri` parameter to `openUri()` must be a string, got \"undefined\". Make sure the first parameter to `mongoose.connect()` or `mongoose.createConnection()` is a string.\n    at NativeConnection.createClient (C:\\Users\\Admin\\attendance-system\\backend\\node_modules\\mongoose\\lib\\drivers\\node-mongodb-native\\connection.js:225:11)\n    at NativeConnection.openUri (C:\\Users\\Admin\\attendance-system\\backend\\node_modules\\mongoose\\lib\\connection.js:1016:34)\n    at Mongoose.connect (C:\\Users\\Admin\\attendance-system\\backend\\node_modules\\mongoose\\lib\\mongoose.js:446:15)\n    at connectDB (C:\\Users\\Admin\\attendance-system\\backend\\server.js:71:20)\n    at Object.<anonymous> (C:\\Users\\Admin\\attendance-system\\backend\\server.js:83:1)\n    at Module._compile (node:internal/modules/cjs/loader:1469:14)\n    at Module._extensions..js (node:internal/modules/cjs/loader:1548:10)\n    at Module.load (node:internal/modules/cjs/loader:1288:32)\n    at Module._load (node:internal/modules/cjs/loader:1104:12)\n    at Function.executeUserEntryPoint [as runMain] (node:internal/modules/run_main:173:12)\n    at node:internal/main/run_main_module:28:49"}
2025-04-02 01:29:48 [error]: MongoDB Connection Error: The `uri` parameter to `openUri()` must be a string, got "undefined". Make sure the first parameter to `mongoose.connect()` or `mongoose.createConnection()` is a string. {"service":"attendance-system"}
2025-04-02 01:29:48 [warn]: Retrying MongoDB connection in 5 seconds... (4 retries left) {"service":"attendance-system"}
2025-04-02 01:29:48 [error]: MongoDB connection error: The `uri` parameter to `openUri()` must be a string, got "undefined". Make sure the first parameter to `mongoose.connect()` or `mongoose.createConnection()` is a string. {"service":"attendance-system","stack":"MongooseError: The `uri` parameter to `openUri()` must be a string, got \"undefined\". Make sure the first parameter to `mongoose.connect()` or `mongoose.createConnection()` is a string.\n    at NativeConnection.createClient (C:\\Users\\Admin\\attendance-system\\backend\\node_modules\\mongoose\\lib\\drivers\\node-mongodb-native\\connection.js:225:11)\n    at NativeConnection.openUri (C:\\Users\\Admin\\attendance-system\\backend\\node_modules\\mongoose\\lib\\connection.js:1016:34)\n    at Mongoose.connect (C:\\Users\\Admin\\attendance-system\\backend\\node_modules\\mongoose\\lib\\mongoose.js:446:15)\n    at connectDB (C:\\Users\\Admin\\attendance-system\\backend\\server.js:71:20)\n    at connectDB (C:\\Users\\Admin\\attendance-system\\backend\\server.js:78:14)"}
2025-04-02 01:29:53 [error]: MongoDB Connection Error: The `uri` parameter to `openUri()` must be a string, got "undefined". Make sure the first parameter to `mongoose.connect()` or `mongoose.createConnection()` is a string. {"service":"attendance-system"}
2025-04-02 01:29:53 [warn]: Retrying MongoDB connection in 5 seconds... (3 retries left) {"service":"attendance-system"}
2025-04-02 01:29:53 [error]: MongoDB connection error: The `uri` parameter to `openUri()` must be a string, got "undefined". Make sure the first parameter to `mongoose.connect()` or `mongoose.createConnection()` is a string. {"service":"attendance-system","stack":"MongooseError: The `uri` parameter to `openUri()` must be a string, got \"undefined\". Make sure the first parameter to `mongoose.connect()` or `mongoose.createConnection()` is a string.\n    at NativeConnection.createClient (C:\\Users\\Admin\\attendance-system\\backend\\node_modules\\mongoose\\lib\\drivers\\node-mongodb-native\\connection.js:225:11)\n    at NativeConnection.openUri (C:\\Users\\Admin\\attendance-system\\backend\\node_modules\\mongoose\\lib\\connection.js:1016:34)\n    at Mongoose.connect (C:\\Users\\Admin\\attendance-system\\backend\\node_modules\\mongoose\\lib\\mongoose.js:446:15)\n    at connectDB (C:\\Users\\Admin\\attendance-system\\backend\\server.js:71:20)\n    at connectDB (C:\\Users\\Admin\\attendance-system\\backend\\server.js:78:14)"}
2025-04-02 01:29:58 [error]: MongoDB Connection Error: The `uri` parameter to `openUri()` must be a string, got "undefined". Make sure the first parameter to `mongoose.connect()` or `mongoose.createConnection()` is a string. {"service":"attendance-system"}
2025-04-02 01:29:58 [warn]: Retrying MongoDB connection in 5 seconds... (2 retries left) {"service":"attendance-system"}
2025-04-02 01:29:58 [error]: MongoDB connection error: The `uri` parameter to `openUri()` must be a string, got "undefined". Make sure the first parameter to `mongoose.connect()` or `mongoose.createConnection()` is a string. {"service":"attendance-system","stack":"MongooseError: The `uri` parameter to `openUri()` must be a string, got \"undefined\". Make sure the first parameter to `mongoose.connect()` or `mongoose.createConnection()` is a string.\n    at NativeConnection.createClient (C:\\Users\\Admin\\attendance-system\\backend\\node_modules\\mongoose\\lib\\drivers\\node-mongodb-native\\connection.js:225:11)\n    at NativeConnection.openUri (C:\\Users\\Admin\\attendance-system\\backend\\node_modules\\mongoose\\lib\\connection.js:1016:34)\n    at Mongoose.connect (C:\\Users\\Admin\\attendance-system\\backend\\node_modules\\mongoose\\lib\\mongoose.js:446:15)\n    at connectDB (C:\\Users\\Admin\\attendance-system\\backend\\server.js:71:20)\n    at connectDB (C:\\Users\\Admin\\attendance-system\\backend\\server.js:78:14)"}
2025-04-02 01:30:03 [error]: MongoDB Connection Error: The `uri` parameter to `openUri()` must be a string, got "undefined". Make sure the first parameter to `mongoose.connect()` or `mongoose.createConnection()` is a string. {"service":"attendance-system"}
2025-04-02 01:30:03 [warn]: Retrying MongoDB connection in 5 seconds... (1 retries left) {"service":"attendance-system"}
2025-04-02 01:30:03 [error]: MongoDB connection error: The `uri` parameter to `openUri()` must be a string, got "undefined". Make sure the first parameter to `mongoose.connect()` or `mongoose.createConnection()` is a string. {"service":"attendance-system","stack":"MongooseError: The `uri` parameter to `openUri()` must be a string, got \"undefined\". Make sure the first parameter to `mongoose.connect()` or `mongoose.createConnection()` is a string.\n    at NativeConnection.createClient (C:\\Users\\Admin\\attendance-system\\backend\\node_modules\\mongoose\\lib\\drivers\\node-mongodb-native\\connection.js:225:11)\n    at NativeConnection.openUri (C:\\Users\\Admin\\attendance-system\\backend\\node_modules\\mongoose\\lib\\connection.js:1016:34)\n    at Mongoose.connect (C:\\Users\\Admin\\attendance-system\\backend\\node_modules\\mongoose\\lib\\mongoose.js:446:15)\n    at connectDB (C:\\Users\\Admin\\attendance-system\\backend\\server.js:71:20)\n    at connectDB (C:\\Users\\Admin\\attendance-system\\backend\\server.js:78:14)"}
2025-04-02 01:30:08 [error]: MongoDB Connection Error: The `uri` parameter to `openUri()` must be a string, got "undefined". Make sure the first parameter to `mongoose.connect()` or `mongoose.createConnection()` is a string. {"service":"attendance-system"}
2025-09-19 23:40:23 [info]: Loading system feedback routes... {"service":"attendance-system"}
2025-09-19 23:40:23 [info]: Loading main routes... {"service":"attendance-system"}
2025-09-19 23:40:23 [debug]: Loading attendance routes {"service":"attendance-system"}
2025-09-19 23:40:23 [info]: Uploads folder created successfully! {"service":"attendance-system"}
2025-09-19 23:40:23 [debug]: Public assets folder already exists. {"service":"attendance-system"}
2025-09-19 23:40:24 [info]: Server running on port 5000 {"service":"attendance-system"}
2025-09-19 23:40:25 [info]: MongoDB Connected {"service":"attendance-system"}
